Start testing: Oct 06 10:47 MSK
----------------------------------------------------------
1/1 Testing: matrix_tests
1/1 Test: matrix_tests
Command: "/home/asan/projects/matrix_calculator/build/tests/matrix_tests"
Directory: /home/asan/projects/matrix_calculator/build/tests
"matrix_tests" start time: Oct 06 10:47 MSK
Output:
----------------------------------------------------------
Running main() from /home/asan/projects/matrix_calculator/build/_deps/googletest-src/googletest/src/gtest_main.cc
[==========] Running 6 tests from 1 test suite.
[----------] Global test environment set-up.
[----------] 6 tests from MatrixTest
[ RUN      ] MatrixTest.CreateAndFree
[       OK ] MatrixTest.CreateAndFree (0 ms)
[ RUN      ] MatrixTest.InvalidSize
[       OK ] MatrixTest.InvalidSize (10 ms)
[ RUN      ] MatrixTest.MatrixAddition
[       OK ] MatrixTest.MatrixAddition (0 ms)
[ RUN      ] MatrixTest.MatrixMultiplication
[       OK ] MatrixTest.MatrixMultiplication (0 ms)
[ RUN      ] MatrixTest.ElementwiseMultiplication
[       OK ] MatrixTest.ElementwiseMultiplication (0 ms)
[ RUN      ] MatrixTest.ElementwiseMultiplicationInvalidSize
[       OK ] MatrixTest.ElementwiseMultiplicationInvalidSize (0 ms)
[----------] 6 tests from MatrixTest (10 ms total)

[----------] Global test environment tear-down
[==========] 6 tests from 1 test suite ran. (10 ms total)
[  PASSED  ] 6 tests.
<end of output>
Test time =   0.02 sec
----------------------------------------------------------
Test Passed.
"matrix_tests" end time: Oct 06 10:47 MSK
"matrix_tests" time elapsed: 00:00:00
----------------------------------------------------------

End testing: Oct 06 10:47 MSK
